<?xml version="1.0" encoding="UTF-8"?>
<!-- Generated by org.testng.reporters.JUnitReportReporter -->
<testsuite hostname="Rohini-T-B335MacBook-Pro.local" failures="0" tests="1" name="testcases.testScript" time="4.772" errors="0" timestamp="2022-06-08T21:42:33 IST" skipped="0">
  <testcase classname="testcases.testScript" name="Search" time="4.772"/>
  <system-out/>
</testsuite> <!-- testcases.testScript -->
