<?xml version="1.0" encoding="UTF-8"?>
<!-- Generated by org.testng.reporters.JUnitReportReporter -->
<testsuite hostname="Rohini-T-B335MacBook-Pro.local" failures="0" tests="1" name="tests.baseclass" time="0.007" errors="0" timestamp="2022-04-07T22:25:21 IST" skipped="0">
  <testcase classname="tests.baseclass" name="sampleTest" time="0.007"/>
  <system-out/>
</testsuite> <!-- tests.baseclass -->
